#
# A fatal error has been detected by the Java Runtime Environment:
#
#  EXCEPTION_ACCESS_VIOLATION (0xc0000005) at pc=0x0000000052808f45, pid=2840, tid=6240
#
# JRE version: Java(TM) SE Runtime Environment (8.0_91-b14) (build 1.8.0_91-b14)
# Java VM: Java HotSpot(TM) 64-Bit Server VM (25.91-b14 mixed mode windows-amd64 compressed oops)
# Problematic frame:
# V  [jvm.dll+0x128f45]
#
# Failed to write core dump. Minidumps are not enabled by default on client versions of Windows
#
# If you would like to submit a bug report, please visit:
#   http://bugreport.java.com/bugreport/crash.jsp
#

---------------  T H R E A D  ---------------

Current thread (0x00000000188e0800):  JavaThread "JDWP Transport Listener: dt_socket" daemon [_thread_in_vm, id=6240, stack(0x0000000018f90000,0x0000000019090000)]

siginfo: ExceptionCode=0xc0000005, reading address 0xffffffffffffffff

Registers:
RAX=0x000000001908f701, RBX=0x00000000188e0800, RCX=0x69462f6f692f6176, RDX=0x0000000000000000
RSP=0x000000001908f770, RBP=0x69462f6f692f6176, RSI=0x000000001908f888, RDI=0x0000000000459fd0
R8 =0x00000000188e0800, R9 =0x000000000000ff00, R10=0x0000000000000000, R11=0x017398a4006a0009
R12=0x0000000000000000, R13=0x00000000188e7d58, R14=0x0000000000000000, R15=0x0000000000000000
RIP=0x0000000052808f45, EFLAGS=0x0000000000010202

Top of Stack: (sp=0x000000001908f770)
0x000000001908f770:   00000000188e0800 00000000188e0800
0x000000001908f780:   000000001908f838 0000000052a0f32b
0x000000001908f790:   00000000188e0800 0000000052a2bb8d
0x000000001908f7a0:   0000000000000000 0000000061939155
0x000000001908f7b0:   00000000189a60c8 000000006194291e
0x000000001908f7c0:   00000000188e0800 0000000000000000
0x000000001908f7d0:   0000000000000000 0000000000000000
0x000000001908f7e0:   69462f6f692f6176 0000000061941a15
0x000000001908f7f0:   000000001908f888 000000001908f860
0x000000001908f800:   0000000000000001 00000000189a60c8
0x000000001908f810:   69462f6f692f6176 00000000619253b3
0x000000001908f820:   000000001908f950 0000000000000001
0x000000001908f830:   0000000000000001 00000000189a60c8
0x000000001908f840:   00000000f000100a 0000000000000000
0x000000001908f850:   0000000000000000 0000000000000000
0x000000001908f860:   0000000000000001 0000000061925571 

Instructions: (pc=0x0000000052808f45)
0x0000000052808f25:   cc cc cc cc cc cc cc cc cc cc cc 48 83 ec 28 48
0x0000000052808f35:   85 c9 75 07 33 c0 48 83 c4 28 c3 48 89 5c 24 20
0x0000000052808f45:   48 8b 19 48 85 db 74 20 48 83 fb 37 74 1a 48 8b
0x0000000052808f55:   13 48 8b cb ff 52 10 84 c0 74 0d 48 8b c3 48 8b 


Register to memory mapping:

RAX=0x000000001908f701 is pointing into the stack for thread: 0x00000000188e0800
RBX=0x00000000188e0800 is a thread
RCX=0x69462f6f692f6176 is an unknown value
RDX=0x0000000000000000 is an unknown value
RSP=0x000000001908f770 is pointing into the stack for thread: 0x00000000188e0800
RBP=0x69462f6f692f6176 is an unknown value
RSI=0x000000001908f888 is pointing into the stack for thread: 0x00000000188e0800
RDI=0x0000000000459fd0 is an unknown value
R8 =0x00000000188e0800 is a thread
R9 =0x000000000000ff00 is an unknown value
R10=0x0000000000000000 is an unknown value
R11=0x017398a4006a0009 is an unknown value
R12=0x0000000000000000 is an unknown value
R13=0x00000000188e7d58 is an unknown value
R14=0x0000000000000000 is an unknown value
R15=0x0000000000000000 is an unknown value


Stack: [0x0000000018f90000,0x0000000019090000],  sp=0x000000001908f770,  free space=1021k
Native frames: (J=compiled Java code, j=interpreted, Vv=VM code, C=native code)
V  [jvm.dll+0x128f45]
V  [jvm.dll+0x34bb8d]
C  [jdwp.dll+0x21a15]
C  [jdwp.dll+0x53b3]
C  [jdwp.dll+0x5571]
C  [jdwp.dll+0xf0a8]
C  [jdwp.dll+0x1f2d5]
C  [jdwp.dll+0x1f4aa]
V  [jvm.dll+0x1bbf38]
V  [jvm.dll+0x243ae4]
V  [jvm.dll+0x29a99a]
C  [msvcr100.dll+0x21d9f]
C  [msvcr100.dll+0x21e3b]
C  [kernel32.dll+0x159cd]
C  [ntdll.dll+0x2a2e1]


---------------  P R O C E S S  ---------------

Java Threads: ( => current thread )
  0x000000001897c000 JavaThread "Service Thread" daemon [_thread_blocked, id=3528, stack(0x0000000019720000,0x0000000019820000)]
  0x0000000018905000 JavaThread "C1 CompilerThread2" daemon [_thread_blocked, id=6764, stack(0x00000000195f0000,0x00000000196f0000)]
  0x000000001890e800 JavaThread "C2 CompilerThread1" daemon [_thread_blocked, id=1340, stack(0x00000000193f0000,0x00000000194f0000)]
  0x000000001890c000 JavaThread "C2 CompilerThread0" daemon [_thread_blocked, id=9160, stack(0x0000000018cf0000,0x0000000018df0000)]
  0x00000000188f6800 JavaThread "JDWP Command Reader" daemon [_thread_in_native, id=232, stack(0x00000000192b0000,0x00000000193b0000)]
  0x00000000188ef800 JavaThread "JDWP Event Helper Thread" daemon [_thread_blocked, id=1644, stack(0x0000000019090000,0x0000000019190000)]
=>0x00000000188e0800 JavaThread "JDWP Transport Listener: dt_socket" daemon [_thread_in_vm, id=6240, stack(0x0000000018f90000,0x0000000019090000)]
  0x0000000016fb6000 JavaThread "Attach Listener" daemon [_thread_blocked, id=8684, stack(0x00000000187e0000,0x00000000188e0000)]
  0x0000000016fb4000 JavaThread "Signal Dispatcher" daemon [_thread_blocked, id=7596, stack(0x0000000018630000,0x0000000018730000)]
  0x0000000016f9b800 JavaThread "Finalizer" daemon [_thread_blocked, id=8916, stack(0x0000000018400000,0x0000000018500000)]
  0x0000000016f54000 JavaThread "Reference Handler" daemon [_thread_blocked, id=8808, stack(0x0000000018210000,0x0000000018310000)]
  0x000000000045f800 JavaThread "main" [_thread_blocked, id=8176, stack(0x0000000002050000,0x0000000002150000)]

Other Threads:
  0x0000000016f4c800 VMThread [stack: 0x0000000018100000,0x0000000018200000] [id=5540]
  0x0000000018910800 WatcherThread [stack: 0x0000000019850000,0x0000000019950000] [id=5648]

VM state:not at safepoint (normal execution)

VM Mutex/Monitor currently owned by a thread: None

Heap:
 PSYoungGen      total 38400K, used 7326K [0x00000000d5f80000, 0x00000000d8a00000, 0x0000000100000000)
  eden space 33280K, 22% used [0x00000000d5f80000,0x00000000d66a7888,0x00000000d8000000)
  from space 5120K, 0% used [0x00000000d8500000,0x00000000d8500000,0x00000000d8a00000)
  to   space 5120K, 0% used [0x00000000d8000000,0x00000000d8000000,0x00000000d8500000)
 ParOldGen       total 87552K, used 0K [0x0000000081e00000, 0x0000000087380000, 0x00000000d5f80000)
  object space 87552K, 0% used [0x0000000081e00000,0x0000000081e00000,0x0000000087380000)
 Metaspace       used 6176K, capacity 6430K, committed 6784K, reserved 1056768K
  class space    used 723K, capacity 797K, committed 896K, reserved 1048576K

Card table byte_map: [0x00000000117e0000,0x0000000011be0000] byte_map_base: 0x00000000113d1000

Marking Bits: (ParMarkBitMap*) 0x0000000052ef2f70
 Begin Bits: [0x00000000122b0000, 0x0000000014238000)
 End Bits:   [0x0000000014238000, 0x00000000161c0000)

Polling page: 0x0000000000410000

CodeCache: size=245760Kb used=1989Kb max_used=1989Kb free=243770Kb
 bounds [0x0000000002420000, 0x0000000002690000, 0x0000000011420000]
 total_blobs=713 nmethods=414 adapters=220
 compilation: enabled

Compilation events (10 events):
Event: 0.636 Thread 0x0000000018905000  409       3       jdk.internal.org.objectweb.asm.ByteVector::<init> (13 bytes)
Event: 0.636 Thread 0x0000000018905000 nmethod 409 0x000000000260fc90 code [0x000000000260fe00, 0x0000000002610050]
Event: 0.636 Thread 0x0000000018905000  410       3       jdk.internal.org.objectweb.asm.ByteVector::putByteArray (49 bytes)
Event: 0.636 Thread 0x0000000018905000 nmethod 410 0x0000000002610110 code [0x0000000002610280, 0x0000000002610598]
Event: 0.636 Thread 0x0000000018905000  412       3       jdk.internal.org.objectweb.asm.ByteVector::enlarge (51 bytes)
Event: 0.637 Thread 0x0000000018905000 nmethod 412 0x0000000002610810 code [0x0000000002610980, 0x0000000002610ca8]
Event: 0.640 Thread 0x0000000018905000  413       3       java.util.HashMap::<init> (11 bytes)
Event: 0.640 Thread 0x0000000018905000 nmethod 413 0x0000000002611390 code [0x0000000002611500, 0x0000000002611710]
Event: 66.692 Thread 0x0000000018905000  414       1       java.util.HashMap::size (5 bytes)
Event: 66.692 Thread 0x0000000018905000 nmethod 414 0x0000000002611810 code [0x0000000002611960, 0x0000000002611a70]

GC Heap History (0 events):
No events

Deoptimization events (0 events):
No events

Internal exceptions (9 events):
Event: 0.105 Thread 0x000000000045f800 Exception <a 'java/lang/NoSuchMethodError': Method sun.misc.Unsafe.defineClass(Ljava/lang/String;[BII)Ljava/lang/Class; name or signature does not match> (0x00000000d5f87cc0) thrown at [C:\re\workspace\8-2-build-windows-amd64-cygwin\jdk8u91\6644\hotspot\sr`Ö¦‘gÍº?
Event: 0.105 Thread 0x000000000045f800 Exception <a 'java/lang/NoSuchMethodError': Method sun.misc.Unsafe.prefetchRead(Ljava/lang/Object;J)V name or signature does not match> (0x00000000d5f87fa8) thrown at [C:\re\workspace\8-2-build-windows-amd64-cygwin\jdk8u91\6644\hotspot\src\share\vm\prims\j2*§«òÈÑ?
Event: 0.278 Thread 0x000000000045f800 Exception <a 'java/io/FileNotFoundException'> (0x00000000d61f82d8) thrown at [C:\re\workspace\8-2-build-windows-amd64-cygwin\jdk8u91\6644\hotspot\src\share\vm\prims\jni.cpp, line 709]
Event: 0.295 Thread 0x000000000045f800 Exception <a 'java/security/PrivilegedActionException'> (0x00000000d6238e60) thrown at [C:\re\workspace\8-2-build-windows-amd64-cygwin\jdk8u91\6644\hotspot\src\share\vm\prims\jvm.cpp, line 1386]
Event: 0.295 Thread 0x000000000045f800 Exception <a 'java/security/PrivilegedActionException'> (0x00000000d6239070) thrown at [C:\re\workspace\8-2-build-windows-amd64-cygwin\jdk8u91\6644\hotspot\src\share\vm\prims\jvm.cpp, line 1386]
Event: 0.297 Thread 0x000000000045f800 Exception <a 'java/security/PrivilegedActionException'> (0x00000000d623ceb8) thrown at [C:\re\workspace\8-2-build-windows-amd64-cygwin\jdk8u91\6644\hotspot\src\share\vm\prims\jvm.cpp, line 1386]
Event: 0.297 Thread 0x000000000045f800 Exception <a 'java/security/PrivilegedActionException'> (0x00000000d623d0c8) thrown at [C:\re\workspace\8-2-build-windows-amd64-cygwin\jdk8u91\6644\hotspot\src\share\vm\prims\jvm.cpp, line 1386]
Event: 0.609 Thread 0x000000000045f800 Exception <a 'java/lang/NoSuchFieldError': method resolution failed> (0x00000000d65e7a70) thrown at [C:\re\workspace\8-2-build-windows-amd64-cygwin\jdk8u91\6644\hotspot\src\share\vm\prims\methodHandles.cpp, line 1146]
Event: 0.611 Thread 0x000000000045f800 Exception <a 'java/lang/NoSuchFieldError': method resolution failed> (0x00000000d65f5190) thrown at [C:\re\workspace\8-2-build-windows-amd64-cygwin\jdk8u91\6644\hotspot\src\share\vm\prims\methodHandles.cpp, line 1146]

Events (10 events):
Event: 1631.098 Executing VM operation: ChangeBreakpoints
Event: 1631.098 Executing VM operation: ChangeBreakpoints done
Event: 1631.098 Executing VM operation: ChangeBreakpoints
Event: 1631.098 Executing VM operation: ChangeBreakpoints done
Event: 1631.098 Executing VM operation: ChangeBreakpoints
Event: 1631.098 Executing VM operation: ChangeBreakpoints done
Event: 1631.102 Executing VM operation: RedefineClasses
Event: 1631.104 Executing VM operation: RedefineClasses done
Event: 1631.106 Executing VM operation: GetOrSetLocal
Event: 1631.106 Executing VM operation: GetOrSetLocal done


Dynamic libraries:
0x000000013f7a0000 - 0x000000013f7d7000 	C:\Program Files\Java\jdk1.8.0_91\bin\java.exe
0x0000000077250000 - 0x00000000773fa000 	C:\Windows\SYSTEM32\ntdll.dll
0x0000000077130000 - 0x000000007724f000 	C:\Windows\system32\kernel32.dll
0x000007fefd760000 - 0x000007fefd7ca000 	C:\Windows\system32\KERNELBASE.dll
0x000007feff410000 - 0x000007feff4eb000 	C:\Windows\system32\ADVAPI32.dll
0x000007fefeed0000 - 0x000007fefef6f000 	C:\Windows\system32\msvcrt.dll
0x000007fefdc00000 - 0x000007fefdc1f000 	C:\Windows\SYSTEM32\sechost.dll
0x000007fefdad0000 - 0x000007fefdbfd000 	C:\Windows\system32\RPCRT4.dll
0x0000000077030000 - 0x000000007712a000 	C:\Windows\system32\USER32.dll
0x000007feff4f0000 - 0x000007feff557000 	C:\Windows\system32\GDI32.dll
0x000007feff3b0000 - 0x000007feff3be000 	C:\Windows\system32\LPK.dll
0x000007fefeaa0000 - 0x000007fefeb6a000 	C:\Windows\system32\USP10.dll
0x000007fefc0e0000 - 0x000007fefc2d4000 	C:\Windows\WinSxS\amd64_microsoft.windows.common-controls_6595b64144ccf1df_6.0.7601.18837_none_fa3b1e3d17594757\COMCTL32.dll
0x000007feff180000 - 0x000007feff1f1000 	C:\Windows\system32\SHLWAPI.dll
0x000007fefdaa0000 - 0x000007fefdace000 	C:\Windows\system32\IMM32.DLL
0x000007feff200000 - 0x000007feff309000 	C:\Windows\system32\MSCTF.dll
0x00000000619a0000 - 0x0000000061a72000 	C:\Program Files\Java\jdk1.8.0_91\jre\bin\msvcr100.dll
0x00000000526e0000 - 0x0000000052f73000 	C:\Program Files\Java\jdk1.8.0_91\jre\bin\server\jvm.dll
0x000007fef9490000 - 0x000007fef9499000 	C:\Windows\system32\WSOCK32.dll
0x000007feff3c0000 - 0x000007feff40d000 	C:\Windows\system32\WS2_32.dll
0x000007fefea30000 - 0x000007fefea38000 	C:\Windows\system32\NSI.dll
0x000007fefac40000 - 0x000007fefac7b000 	C:\Windows\system32\WINMM.dll
0x000007fefc7b0000 - 0x000007fefc7bc000 	C:\Windows\system32\VERSION.dll
0x0000000077410000 - 0x0000000077417000 	C:\Windows\system32\PSAPI.DLL
0x0000000061990000 - 0x000000006199f000 	C:\Program Files\Java\jdk1.8.0_91\jre\bin\verify.dll
0x0000000061960000 - 0x0000000061989000 	C:\Program Files\Java\jdk1.8.0_91\jre\bin\java.dll
0x0000000061920000 - 0x0000000061955000 	C:\Program Files\Java\jdk1.8.0_91\jre\bin\jdwp.dll
0x0000000061910000 - 0x0000000061918000 	C:\Program Files\Java\jdk1.8.0_91\jre\bin\npt.dll
0x00000000618f0000 - 0x0000000061906000 	C:\Program Files\Java\jdk1.8.0_91\jre\bin\zip.dll
0x000007fefdca0000 - 0x000007fefea2a000 	C:\Windows\system32\SHELL32.dll
0x000007fefef70000 - 0x000007feff173000 	C:\Windows\system32\ole32.dll
0x000007fefd6b0000 - 0x000007fefd6bf000 	C:\Windows\system32\profapi.dll
0x00000000613e0000 - 0x00000000613e9000 	C:\Program Files\Java\jdk1.8.0_91\jre\bin\dt_socket.dll
0x000007fefcee0000 - 0x000007fefcf35000 	C:\Windows\system32\mswsock.dll
0x000007fefc880000 - 0x000007fefc887000 	C:\Windows\System32\wshtcpip.dll
0x00000000613c0000 - 0x00000000613da000 	C:\Program Files\Java\jdk1.8.0_91\jre\bin\net.dll
0x000007fefced0000 - 0x000007fefced7000 	C:\Windows\System32\wship6.dll
0x00000000613a0000 - 0x00000000613b1000 	C:\Program Files\Java\jdk1.8.0_91\jre\bin\nio.dll
0x000007fef9240000 - 0x000007fef9365000 	C:\Windows\system32\dbghelp.dll

VM Arguments:
jvm_args: -agentlib:jdwp=transport=dt_socket,address=127.0.0.1:64868,suspend=y,server=n -ea -Didea.junit.sm_runner -Dfile.encoding=UTF-8 
java_command: com.intellij.rt.execution.junit.JUnitStarter -ideVersion5 sccTest,testFile3
java_class_path (initial): C:\Program Files (x86)\JetBrains\IntelliJ IDEA Community Edition 2016.1.2\lib\idea_rt.jar;C:\Program Files (x86)\JetBrains\IntelliJ IDEA Community Edition 2016.1.2\plugins\junit\lib\junit-rt.jar;C:\Program Files\Java\jdk1.8.0_91\jre\lib\charsets.jar;C:\Program Files\Java\jdk1.8.0_91\jre\lib\deploy.jar;C:\Program Files\Java\jdk1.8.0_91\jre\lib\ext\access-bridge-64.jar;C:\Program Files\Java\jdk1.8.0_91\jre\lib\ext\cldrdata.jar;C:\Program Files\Java\jdk1.8.0_91\jre\lib\ext\dnsns.jar;C:\Program Files\Java\jdk1.8.0_91\jre\lib\ext\jaccess.jar;C:\Program Files\Java\jdk1.8.0_91\jre\lib\ext\jfxrt.jar;C:\Program Files\Java\jdk1.8.0_91\jre\lib\ext\localedata.jar;C:\Program Files\Java\jdk1.8.0_91\jre\lib\ext\nashorn.jar;C:\Program Files\Java\jdk1.8.0_91\jre\lib\ext\sunec.jar;C:\Program Files\Java\jdk1.8.0_91\jre\lib\ext\sunjce_provider.jar;C:\Program Files\Java\jdk1.8.0_91\jre\lib\ext\sunmscapi.jar;C:\Program Files\Java\jdk1.8.0_91\jre\lib\ext\sunpkcs11.jar;C:\Program Files\Java\jdk1.8.0_91\jre\lib\ext\zipfs.jar;C:\Program Files\Java\jdk1.8.0_91\jre\lib\javaws.jar;C:\Program Files\Java\jdk1.8.0_91\jre\lib\jce.jar;C:\Program Files\Java\jdk1.8.0_91\jre\lib\jfr.jar;C:\Program Files\Java\jdk1.8.0_91\jre\lib\jfxswt.jar;C:\Program Files\Java\jdk1.8.0_91\jre\lib\jsse.jar;C:\Program Files\Java\jdk1.8.0_91\jre\lib\management-agent.jar;C:\Program Files\Java\jdk1.8.0_91\jre\lib\plugin.jar;C:\Program Files\Java\jdk1.8.0_91\jre\lib\resources.jar;C:\Program Files\Java\jdk1.8.0_91\jre\lib\rt.jar;C:\Users\bgpmeala\IdeaProjects\algorithms4\out\production\algorithms4;C:\Program Files (x86)\JetBrains\IntelliJ IDEA Community Edition 2016.1.2\lib\junit-4.12.jar;C:\Program Files (x86)\JetBrains\IntelliJ IDEA Community Edition 2016.1.2\lib\hamcrest-core-1.3.jar
Launcher Type: SUN_STANDARD

Environment Variables:
PATH=C:\ProgramData\Oracle\Java\javapath;C:\Program Files\Common Files\Microsoft Shared\Windows Live;C:\Program Files (x86)\Common Files\Microsoft Shared\Windows Live;C:\Windows\system32;C:\Windows;C:\Windows\System32\Wbem;C:\Windows\System32\WindowsPowerShell\v1.0\;C:\Program Files (x86)\Windows Live\Shared;C:\Program Files (x86)\PuTTY\;C:\Program Files (x86)\Skype\Phone\;C:\Program Files\MiKTeX 2.9\miktex\bin\x64\
USERNAME=bgpmeala
OS=Windows_NT
PROCESSOR_IDENTIFIER=Intel64 Family 6 Model 61 Stepping 4, GenuineIntel



---------------  S Y S T E M  ---------------

OS: Windows 7 , 64 bit Build 7601 (6.1.7601.23543)

CPU:total 4 (2 cores per cpu, 2 threads per core) family 6 model 61 stepping 4, cmov, cx8, fxsr, mmx, sse, sse2, sse3, ssse3, sse4.1, sse4.2, popcnt, avx, avx2, aes, clmul, erms, rtm, 3dnowpref, lzcnt, ht, tsc, tscinvbit, bmi1, bmi2, adx

Memory: 4k page, physical 8260720k(2952904k free), swap 16519580k(8605888k free)

vm_info: Java HotSpot(TM) 64-Bit Server VM (25.91-b14) for windows-amd64 JRE (1.8.0_91-b14), built on Apr  1 2016 00:58:32 by "java_re" with MS VC++ 10.0 (VS2010)

time: Sat Oct 29 21:56:05 2016
elapsed time: 1631 seconds (0d 0h 27m 11s)

